2023-04-09T17:56:15.750-05:00  INFO 2768 --- [restartedMain] com.onpe.WebOnpeApplication              : Starting WebOnpeApplication using Java 17.0.6 with PID 2768 (C:\Users\BAUYES\Desktop\WebOnpe\target\classes started by BAUYES in C:\Users\BAUYES\Desktop\WebOnpe)
2023-04-09T17:56:15.753-05:00  INFO 2768 --- [restartedMain] com.onpe.WebOnpeApplication              : No active profile set, falling back to 1 default profile: "default"
2023-04-09T17:56:15.797-05:00  INFO 2768 --- [restartedMain] .e.DevToolsPropertyDefaultsPostProcessor : Devtools property defaults active! Set 'spring.devtools.add-properties' to 'false' to disable
2023-04-09T17:56:15.797-05:00  INFO 2768 --- [restartedMain] .e.DevToolsPropertyDefaultsPostProcessor : For additional web related logging consider setting the 'logging.level.web' property to 'DEBUG'
2023-04-09T17:56:16.857-05:00  INFO 2768 --- [restartedMain] .s.d.r.c.RepositoryConfigurationDelegate : Multiple Spring Data modules found, entering strict repository configuration mode
2023-04-09T17:56:16.858-05:00  INFO 2768 --- [restartedMain] .s.d.r.c.RepositoryConfigurationDelegate : Bootstrapping Spring Data JDBC repositories in DEFAULT mode.
2023-04-09T17:56:16.875-05:00  INFO 2768 --- [restartedMain] .s.d.r.c.RepositoryConfigurationDelegate : Finished Spring Data repository scanning in 11 ms. Found 0 JDBC repository interfaces.
2023-04-09T17:56:16.888-05:00  INFO 2768 --- [restartedMain] .s.d.r.c.RepositoryConfigurationDelegate : Multiple Spring Data modules found, entering strict repository configuration mode
2023-04-09T17:56:16.890-05:00  INFO 2768 --- [restartedMain] .s.d.r.c.RepositoryConfigurationDelegate : Bootstrapping Spring Data JPA repositories in DEFAULT mode.
2023-04-09T17:56:16.896-05:00  INFO 2768 --- [restartedMain] .s.d.r.c.RepositoryConfigurationDelegate : Finished Spring Data repository scanning in 1 ms. Found 0 JPA repository interfaces.
2023-04-09T17:56:17.550-05:00  INFO 2768 --- [restartedMain] o.s.b.w.embedded.tomcat.TomcatWebServer  : Tomcat initialized with port(s): 8080 (http)
2023-04-09T17:56:17.561-05:00  INFO 2768 --- [restartedMain] o.apache.catalina.core.StandardService   : Starting service [Tomcat]
2023-04-09T17:56:17.562-05:00  INFO 2768 --- [restartedMain] o.apache.catalina.core.StandardEngine    : Starting Servlet engine: [Apache Tomcat/10.1.7]
2023-04-09T17:56:17.646-05:00  INFO 2768 --- [restartedMain] o.a.c.c.C.[Tomcat].[localhost].[/onpe]   : Initializing Spring embedded WebApplicationContext
2023-04-09T17:56:17.647-05:00  INFO 2768 --- [restartedMain] w.s.c.ServletWebServerApplicationContext : Root WebApplicationContext: initialization completed in 1848 ms
2023-04-09T17:56:17.830-05:00  INFO 2768 --- [restartedMain] o.hibernate.jpa.internal.util.LogHelper  : HHH000204: Processing PersistenceUnitInfo [name: default]
2023-04-09T17:56:17.884-05:00  INFO 2768 --- [restartedMain] org.hibernate.Version                    : HHH000412: Hibernate ORM core version 6.1.7.Final
2023-04-09T17:56:18.206-05:00  INFO 2768 --- [restartedMain] com.zaxxer.hikari.HikariDataSource       : HikariPool-1 - Starting...
2023-04-09T17:56:18.477-05:00  INFO 2768 --- [restartedMain] com.zaxxer.hikari.pool.HikariPool        : HikariPool-1 - Added connection ConnectionID:1 ClientConnectionId: 16a39c52-a499-48df-a513-db68ae076e8b
2023-04-09T17:56:18.480-05:00  INFO 2768 --- [restartedMain] com.zaxxer.hikari.HikariDataSource       : HikariPool-1 - Start completed.
2023-04-09T17:56:18.518-05:00  INFO 2768 --- [restartedMain] SQL dialect                              : HHH000400: Using dialect: org.hibernate.dialect.SQLServerDialect
2023-04-09T17:56:18.836-05:00  INFO 2768 --- [restartedMain] o.h.e.t.j.p.i.JtaPlatformInitiator       : HHH000490: Using JtaPlatform implementation: [org.hibernate.engine.transaction.jta.platform.internal.NoJtaPlatform]
2023-04-09T17:56:18.850-05:00  INFO 2768 --- [restartedMain] j.LocalContainerEntityManagerFactoryBean : Initialized JPA EntityManagerFactory for persistence unit 'default'
2023-04-09T17:56:18.915-05:00  WARN 2768 --- [restartedMain] JpaBaseConfiguration$JpaWebConfiguration : spring.jpa.open-in-view is enabled by default. Therefore, database queries may be performed during view rendering. Explicitly configure spring.jpa.open-in-view to disable this warning
2023-04-09T17:56:19.166-05:00  WARN 2768 --- [restartedMain] ion$DefaultTemplateResolverConfiguration : Cannot find template location: classpath:/templates/ (please add some templates, check your Thymeleaf configuration, or set spring.thymeleaf.check-template-location=false)
2023-04-09T17:56:19.272-05:00  WARN 2768 --- [restartedMain] o.s.data.convert.CustomConversions       : Registering converter from class microsoft.sql.DateTimeOffset to class java.time.OffsetDateTime as reading converter although it doesn't convert from a store-supported type; You might want to check your annotation setup at the converter implementation
2023-04-09T17:56:19.378-05:00  INFO 2768 --- [restartedMain] o.s.b.d.a.OptionalLiveReloadServer       : LiveReload server is running on port 35729
2023-04-09T17:56:19.430-05:00  INFO 2768 --- [restartedMain] o.s.b.w.embedded.tomcat.TomcatWebServer  : Tomcat started on port(s): 8080 (http) with context path '/onpe'
2023-04-09T17:56:19.442-05:00  INFO 2768 --- [restartedMain] com.onpe.WebOnpeApplication              : Started WebOnpeApplication in 4.067 seconds (process running for 4.852)
2023-04-09T19:12:18.127-05:00  INFO 2768 --- [RMI TCP Connection(84)-127.0.0.1] inMXBeanRegistrar$SpringApplicationAdmin : Application shutdown requested.
2023-04-09T19:12:18.165-05:00  INFO 2768 --- [RMI TCP Connection(84)-127.0.0.1] o.apache.catalina.core.StandardService   : Stopping service [Tomcat]
2023-04-09T19:12:18.194-05:00  INFO 2768 --- [RMI TCP Connection(84)-127.0.0.1] j.LocalContainerEntityManagerFactoryBean : Closing JPA EntityManagerFactory for persistence unit 'default'
2023-04-09T19:12:18.211-05:00  INFO 2768 --- [RMI TCP Connection(84)-127.0.0.1] com.zaxxer.hikari.HikariDataSource       : HikariPool-1 - Shutdown initiated...
2023-04-09T19:12:18.219-05:00  INFO 2768 --- [RMI TCP Connection(84)-127.0.0.1] com.zaxxer.hikari.HikariDataSource       : HikariPool-1 - Shutdown completed.
2023-04-09T19:12:22.825-05:00  INFO 10500 --- [restartedMain] com.onpe.WebOnpeApplication              : Starting WebOnpeApplication using Java 17.0.6 with PID 10500 (C:\Users\BAUYES\Desktop\WebOnpe\target\classes started by BAUYES in C:\Users\BAUYES\Desktop\WebOnpe)
2023-04-09T19:12:22.829-05:00  INFO 10500 --- [restartedMain] com.onpe.WebOnpeApplication              : No active profile set, falling back to 1 default profile: "default"
2023-04-09T19:12:22.881-05:00  INFO 10500 --- [restartedMain] .e.DevToolsPropertyDefaultsPostProcessor : Devtools property defaults active! Set 'spring.devtools.add-properties' to 'false' to disable
2023-04-09T19:12:22.882-05:00  INFO 10500 --- [restartedMain] .e.DevToolsPropertyDefaultsPostProcessor : For additional web related logging consider setting the 'logging.level.web' property to 'DEBUG'
2023-04-09T19:12:23.481-05:00  INFO 10500 --- [restartedMain] .s.d.r.c.RepositoryConfigurationDelegate : Multiple Spring Data modules found, entering strict repository configuration mode
2023-04-09T19:12:23.483-05:00  INFO 10500 --- [restartedMain] .s.d.r.c.RepositoryConfigurationDelegate : Bootstrapping Spring Data JDBC repositories in DEFAULT mode.
2023-04-09T19:12:23.500-05:00  INFO 10500 --- [restartedMain] .s.d.r.c.RepositoryConfigurationDelegate : Finished Spring Data repository scanning in 12 ms. Found 0 JDBC repository interfaces.
2023-04-09T19:12:23.514-05:00  INFO 10500 --- [restartedMain] .s.d.r.c.RepositoryConfigurationDelegate : Multiple Spring Data modules found, entering strict repository configuration mode
2023-04-09T19:12:23.515-05:00  INFO 10500 --- [restartedMain] .s.d.r.c.RepositoryConfigurationDelegate : Bootstrapping Spring Data JPA repositories in DEFAULT mode.
2023-04-09T19:12:23.521-05:00  INFO 10500 --- [restartedMain] .s.d.r.c.RepositoryConfigurationDelegate : Finished Spring Data repository scanning in 1 ms. Found 0 JPA repository interfaces.
2023-04-09T19:12:24.094-05:00  INFO 10500 --- [restartedMain] o.s.b.w.embedded.tomcat.TomcatWebServer  : Tomcat initialized with port(s): 8080 (http)
2023-04-09T19:12:24.107-05:00  INFO 10500 --- [restartedMain] o.apache.catalina.core.StandardService   : Starting service [Tomcat]
2023-04-09T19:12:24.107-05:00  INFO 10500 --- [restartedMain] o.apache.catalina.core.StandardEngine    : Starting Servlet engine: [Apache Tomcat/10.1.7]
2023-04-09T19:12:24.239-05:00  INFO 10500 --- [restartedMain] o.a.c.c.C.[Tomcat].[localhost].[/onpe]   : Initializing Spring embedded WebApplicationContext
2023-04-09T19:12:24.240-05:00  INFO 10500 --- [restartedMain] w.s.c.ServletWebServerApplicationContext : Root WebApplicationContext: initialization completed in 1358 ms
2023-04-09T19:12:24.496-05:00  INFO 10500 --- [restartedMain] o.hibernate.jpa.internal.util.LogHelper  : HHH000204: Processing PersistenceUnitInfo [name: default]
2023-04-09T19:12:24.576-05:00  INFO 10500 --- [restartedMain] org.hibernate.Version                    : HHH000412: Hibernate ORM core version 6.1.7.Final
2023-04-09T19:12:24.857-05:00  INFO 10500 --- [restartedMain] com.zaxxer.hikari.HikariDataSource       : HikariPool-1 - Starting...
2023-04-09T19:12:25.124-05:00  INFO 10500 --- [restartedMain] com.zaxxer.hikari.pool.HikariPool        : HikariPool-1 - Added connection ConnectionID:1 ClientConnectionId: 94ae5254-3b96-4a0a-8454-c2f4d84c0b00
2023-04-09T19:12:25.127-05:00  INFO 10500 --- [restartedMain] com.zaxxer.hikari.HikariDataSource       : HikariPool-1 - Start completed.
2023-04-09T19:12:25.164-05:00  INFO 10500 --- [restartedMain] SQL dialect                              : HHH000400: Using dialect: org.hibernate.dialect.SQLServerDialect
2023-04-09T19:12:25.468-05:00  INFO 10500 --- [restartedMain] o.h.e.t.j.p.i.JtaPlatformInitiator       : HHH000490: Using JtaPlatform implementation: [org.hibernate.engine.transaction.jta.platform.internal.NoJtaPlatform]
2023-04-09T19:12:25.484-05:00  INFO 10500 --- [restartedMain] j.LocalContainerEntityManagerFactoryBean : Initialized JPA EntityManagerFactory for persistence unit 'default'
2023-04-09T19:12:25.537-05:00  WARN 10500 --- [restartedMain] JpaBaseConfiguration$JpaWebConfiguration : spring.jpa.open-in-view is enabled by default. Therefore, database queries may be performed during view rendering. Explicitly configure spring.jpa.open-in-view to disable this warning
2023-04-09T19:12:25.690-05:00  INFO 10500 --- [restartedMain] o.s.b.a.w.s.WelcomePageHandlerMapping    : Adding welcome page template: index
2023-04-09T19:12:25.877-05:00  WARN 10500 --- [restartedMain] o.s.data.convert.CustomConversions       : Registering converter from class microsoft.sql.DateTimeOffset to class java.time.OffsetDateTime as reading converter although it doesn't convert from a store-supported type; You might want to check your annotation setup at the converter implementation
2023-04-09T19:12:26.003-05:00  INFO 10500 --- [restartedMain] o.s.b.d.a.OptionalLiveReloadServer       : LiveReload server is running on port 35729
2023-04-09T19:12:26.048-05:00  INFO 10500 --- [restartedMain] o.s.b.w.embedded.tomcat.TomcatWebServer  : Tomcat started on port(s): 8080 (http) with context path '/onpe'
2023-04-09T19:12:26.061-05:00  INFO 10500 --- [restartedMain] com.onpe.WebOnpeApplication              : Started WebOnpeApplication in 3.7 seconds (process running for 4.491)
2023-04-09T19:12:58.500-05:00  INFO 10500 --- [http-nio-8080-exec-2] o.a.c.c.C.[Tomcat].[localhost].[/onpe]   : Initializing Spring DispatcherServlet 'dispatcherServlet'
2023-04-09T19:12:58.500-05:00  INFO 10500 --- [http-nio-8080-exec-2] o.s.web.servlet.DispatcherServlet        : Initializing Servlet 'dispatcherServlet'
2023-04-09T19:12:58.501-05:00  INFO 10500 --- [http-nio-8080-exec-2] o.s.web.servlet.DispatcherServlet        : Completed initialization in 1 ms
